<?xml version="1.0" encoding="UTF-8"?>
<testng-results ignored="0" total="1" passed="1" failed="0" skipped="0">
  <reporter-output>
    <line>
      <![CDATA[HII]]>
    </line>
  </reporter-output>
  <suite started-at="2022-09-01T04:17:10 IST" name="Suite" finished-at="2022-09-01T04:17:10 IST" duration-ms="179">
    <groups>
    </groups>
    <test started-at="2022-09-01T04:17:10 IST" name="Test" finished-at="2022-09-01T04:17:10 IST" duration-ms="179">
      <class name="Testng_advantages.Emailable">
        <test-method signature="TC()[pri:0, instance:Testng_advantages.Emailable@383bfa16]" started-at="2022-09-01T04:17:10 IST" name="TC" finished-at="2022-09-01T04:17:10 IST" duration-ms="41" status="PASS">
          <reporter-output>
            <line>
              <![CDATA[HII]]>
            </line>
          </reporter-output>
        </test-method> <!-- TC -->
      </class> <!-- Testng_advantages.Emailable -->
    </test> <!-- Test -->
  </suite> <!-- Suite -->
</testng-results>
